scons: Reading SConscript files ...
SCons 4.5.2 is using the following Python interpreter:
    C:\Users\pjsin\.conda\envs\MSI\python.exe (Python 3.8)
Compiling with MSVC version 14.3
Compiling with MSVC toolset 14.3 (default)
Compiling for architecture: amd64
Compiling using the following toolchain(s): ['default']
INFO: Compiling on 'Intel64 Family 6 Model 140 Stepping 1, GenuineIntel'
INFO: Building Cantera from git commit '11c627b52'
INFO: Configuration variables read from 'cantera.conf' and command line:
    toolchain = 'msvc'
    prefix = 'C:\\Users\\pjsin\\Documents'
    googletest = 'submodule'
    boost_inc_dir = 'C:\\Users\\pjsin\\anaconda3\\envs\\ctdev\\Library\\include'
    verbose_tests = True

INFO: Adding conda include and library paths: C:\Users\pjsin\anaconda3\envs\ctdev
Checking for C++ header file cmath... (cached) yes
INFO: Using private installation of fmt library.
INFO: Using fmt version 9.1.0
Checking for YAML::Node().Mark()... (cached) no
INFO: Using private installation of yaml-cpp library.
INFO: Using Googletest from Git submodule
Checking for C++ header file eigen3/Eigen/Dense... (cached) no
Checking for C++ header file Eigen/Dense... (cached) no
INFO: Using private installation of Eigen.
INFO: Found Eigen version 3.4.0
Checking whether __GLIBCXX__ is declared... (cached) no
Checking whether _LIBCPP_VERSION is declared... (cached) no
Checking whether __clang__ is declared... (cached) no
Checking for C++ library iomp5... (cached) no
Checking for C++ library omp... (cached) no
Checking for C++ library gomp... (cached) no
INFO: Found Boost version 1.78
Checking for C library mkl_rt... (cached) no
Checking for C library openblas... (cached) no
Checking for C library lapack... (cached) no
INFO: No system BLAS/LAPACK libraries detected.
Checking for CVodeCreate(CV_BDF, CV_NEWTON) in C++ library sundials_cvodes... (cached) no
Checking for CVodeCreate(CV_BDF) in C++ library sundials_cvodes... (cached) no
Checking for SUNContext ctx; SUNContext_Create(0, &ctx) in C++ library sundials_cvodes... (cached) no
Checking for double x; log(x) in C library None... (cached) yes
INFO: Using private installation of Sundials version 5.3.
Checking for C library hdf5... (cached) yes
Checking for C++ library hdf5... (cached) yes
INFO: System HighFive version 2.3.1
 is not supported. Using private installation instead.
INFO: Using private installation of HighFive library.
Checking for HighFive::details::Boolean::HighFiveTrue... (cached) no
INFO: Using HighFive version 2.6.2 for HDF5 1.10.6
INFO: Skipping compilation of the Fortran 90 interface.
INFO: Using NumPy version 1.23.5
INFO: Using Cython version 0.29.32 (uses legacy NumPy API)
INFO: Building the full Python package for Python 3.8
INFO: Skipping sample 'openmp_ignition' because 'omp.h' was not found.
scons: done reading SConscript files.
scons: Building targets ...
ConfigBuilder(["build\src\config.h.build"], ["include\cantera\base\config.h.in"])
INFO: Generating build\src\config.h.build with the following settings:
    CANTERA_SHORT_VERSION               "3.1"
    CANTERA_VERSION                     "3.1.0a1"
    CT_SUNDIALS_USE_LAPACK              0
    CT_SUNDIALS_VERSION                 53
    CT_USE_HDF5                         1
    FTN_TRAILING_UNDERSCORE             1
    LAPACK_FTN_STRING_LEN_AT_END        1
    LAPACK_FTN_TRAILING_UNDERSCORE      1
    CT_USE_HIGHFIVE_BOOLEAN             *undefined*
    CT_USE_LAPACK                       *undefined*
    CT_USE_SYSTEM_EIGEN                 *undefined*
    CT_USE_SYSTEM_EIGEN_PREFIXED        *undefined*
    CT_USE_SYSTEM_FMT                   *undefined*
    CT_USE_SYSTEM_HIGHFIVE              *undefined*
    CT_USE_SYSTEM_YAMLCPP               *undefined*
ConfigBuilder(["build\ext\sundials_config.h.build"], ["ext\sundials_config.h.in"])
INFO: Generating build\ext\sundials_config.h.build with the following settings:
    SUNDIALS_BLAS_LAPACK                *undefined*
    SUNDIALS_USE_GENERIC_MATH           *undefined*
cl /Fobuild\temp-py\reaction.obj /c build\python\cantera\reaction.cpp /TP /EHsc /std:c++17 /MD /nologo /D_SCL_SECURE_NO_WARNINGS /D_CRT_SECURE_NO_WARNINGS /O2 /Zi /Fdbuild\temp-py\reaction.obj.pdb /DNDEBUG /DNPY_NO_DEPRECATED_API=NPY_1_7_API_VERSION /IC:\Users\pjsin\.conda\envs\MSI\Include /IC:\Users\pjsin\.conda\envs\MSI\lib\site-packages\numpy\core\include /Iinclude /IC:\Users\pjsin\anaconda3\envs\ctdev\Library\include /IC:\Users\pjsin\anaconda3\envs\ctdev\Library\include
cl /Fobuild\temp-py\kinetics.obj /c build\python\cantera\kinetics.cpp /TP /EHsc /std:c++17 /MD /nologo /D_SCL_SECURE_NO_WARNINGS /D_CRT_SECURE_NO_WARNINGS /O2 /Zi /Fdbuild\temp-py\kinetics.obj.pdb /DNDEBUG /DNPY_NO_DEPRECATED_API=NPY_1_7_API_VERSION /IC:\Users\pjsin\.conda\envs\MSI\Include /IC:\Users\pjsin\.conda\envs\MSI\lib\site-packages\numpy\core\include /Iinclude /IC:\Users\pjsin\anaconda3\envs\ctdev\Library\include /IC:\Users\pjsin\anaconda3\envs\ctdev\Library\include
reaction.cpp
kinetics.cpp
cl /Fobuild\src\kinetics\ReactionRateFactory.obj /c src\kinetics\ReactionRateFactory.cpp /TP /EHsc /std:c++17 /MD /nologo /D_SCL_SECURE_NO_WARNINGS /D_CRT_SECURE_NO_WARNINGS /O2 /Zi /Fdbuild\src\kinetics\ReactionRateFactory.obj.pdb /W3 /DNDEBUG /Iinclude\cantera\ext /Iinclude /Ibuild\src /IC:\Users\pjsin\anaconda3\envs\ctdev\Library\include /IC:\Users\pjsin\anaconda3\envs\ctdev\Library\include
cl /Fobuild\src\kinetics\LmrRate.obj /c src\kinetics\LmrRate.cpp /TP /EHsc /std:c++17 /MD /nologo /D_SCL_SECURE_NO_WARNINGS /D_CRT_SECURE_NO_WARNINGS /O2 /Zi /Fdbuild\src\kinetics\LmrRate.obj.pdb /W3 /DNDEBUG /Iinclude\cantera\ext /Iinclude /Ibuild\src /IC:\Users\pjsin\anaconda3\envs\ctdev\Library\include /IC:\Users\pjsin\anaconda3\envs\ctdev\Library\include
ReactionRateFactory.cpp
LmrRate.cpp
src\kinetics\LmrRate.cpp(173): error C2065: 'colliderIndices'ÿ: identificateur non d‚clar‚
src\kinetics\LmrRate.cpp(187): error C2065: 'colliderIndices'ÿ: identificateur non d‚clar‚
scons: *** [build\src\kinetics\LmrRate.obj] Error 2
scons: building terminated because of errors.
